09/01/2025 11:20:28 am	This log contains information about the import schema operation into project 'WebServerDb' on computer 'LAPTOP-R4T1CH5E' by user '63966'.
09/01/2025 11:20:28 am	Import of database schema has started.
09/01/2025 11:20:38 am	Gathering database credentials
09/01/2025 11:20:38 am	Gathering database options
09/01/2025 11:20:39 am	Gathering generic database scoped configuration option
09/01/2025 11:20:39 am	Gathering users
09/01/2025 11:20:39 am	Gathering roles
09/01/2025 11:20:39 am	Gathering application roles
09/01/2025 11:20:39 am	Gathering role memberships
09/01/2025 11:20:39 am	Gathering filegroups
09/01/2025 11:20:39 am	Gathering full-text catalogs
09/01/2025 11:20:39 am	Gathering assemblies
09/01/2025 11:20:39 am	Gathering certificates
09/01/2025 11:20:39 am	Gathering asymmetric keys
09/01/2025 11:20:39 am	Gathering symmetric keys
09/01/2025 11:20:39 am	Gathering encrypted symmetric keys
09/01/2025 11:20:39 am	Gathering schemas
09/01/2025 11:20:39 am	Gathering XML schema collections
09/01/2025 11:20:39 am	Gathering user-defined data types
09/01/2025 11:20:39 am	Gathering user-defined types
09/01/2025 11:20:39 am	Gathering table types
09/01/2025 11:20:39 am	Gathering unique keys for table types
09/01/2025 11:20:39 am	Gathering primary keys for table types
09/01/2025 11:20:39 am	Gathering indexes for table types
09/01/2025 11:20:39 am	Gathering check constraints for table types
09/01/2025 11:20:39 am	Gathering default constraints for table types
09/01/2025 11:20:39 am	Gathering partition functions
09/01/2025 11:20:39 am	Gathering partition schemes
09/01/2025 11:20:39 am	Gathering functions
09/01/2025 11:20:39 am	Gathering encrypted functions
09/01/2025 11:20:39 am	Gathering aggregates
09/01/2025 11:20:39 am	Gathering procedures
09/01/2025 11:20:39 am	Gathering encrypted procedures
09/01/2025 11:20:39 am	Gathering tables
09/01/2025 11:21:08 am	Gathering primary keys
09/01/2025 11:21:08 am	Gathering unique constraints
09/01/2025 11:21:08 am	Gathering foreign keys
09/01/2025 11:21:08 am	Gathering default constraints
09/01/2025 11:21:08 am	Gathering check constraints
09/01/2025 11:21:08 am	Gathering views
09/01/2025 11:21:08 am	Gathering encrypted views
09/01/2025 11:21:08 am	Gathering indexes
09/01/2025 11:21:08 am	Gathering statistics
09/01/2025 11:21:08 am	Gathering full-text index stoplists
09/01/2025 11:21:08 am	Gathering search property lists
09/01/2025 11:21:08 am	Gathering search properties
09/01/2025 11:21:08 am	Gathering full-text indexes
09/01/2025 11:21:08 am	Gathering column store indexes
09/01/2025 11:21:08 am	Gathering spatial indexes
09/01/2025 11:21:08 am	Gathering XML indexes
09/01/2025 11:21:08 am	Gathering Selective XML indexes
09/01/2025 11:21:08 am	Gathering encrypted triggers
09/01/2025 11:21:08 am	Gathering triggers
09/01/2025 11:21:08 am	Gathering encrypted and clr ddl triggers
09/01/2025 11:21:08 am	Gathering ddl triggers
09/01/2025 11:21:08 am	Creating edge constraints
09/01/2025 11:21:08 am	Gathering synonyms
09/01/2025 11:21:08 am	Gathering defaults
09/01/2025 11:21:08 am	Gathering data constraint uddt bindings
09/01/2025 11:21:08 am	Gathering rules
09/01/2025 11:21:08 am	Gathering data constraint uddt bindings
09/01/2025 11:21:08 am	Gathering message types
09/01/2025 11:21:08 am	Gathering queues
09/01/2025 11:21:08 am	Gathering contracts
09/01/2025 11:21:08 am	Gathering services
09/01/2025 11:21:08 am	Gathering event notifications
09/01/2025 11:21:08 am	Gathering remote service bindings
09/01/2025 11:21:08 am	Gathering broker priorities
09/01/2025 11:21:08 am	Gathering signatures
09/01/2025 11:21:08 am	Gathering compression options
09/01/2025 11:21:08 am	Gathering sequence types
09/01/2025 11:21:08 am	Gathering security policies
09/01/2025 11:21:08 am	Gather column encryption keys
09/01/2025 11:21:08 am	Gathering column master keys
09/01/2025 11:21:08 am	Gathering external data sources
09/01/2025 11:21:09 am	Gathering external file formats
09/01/2025 11:21:09 am	Gathering external tables
09/01/2025 11:21:09 am	Gathering XML index compression options
09/01/2025 11:21:09 am	Gathering extended properties
09/01/2025 11:21:09 am	Gathering assemblies
09/01/2025 11:21:09 am	Gathering credentials
09/01/2025 11:21:09 am	Gathering logins
09/01/2025 11:21:09 am	Gathering server audits
09/01/2025 11:21:09 am	Scanning project for duplicate elements
09/01/2025 11:21:09 am	Finished duplicate element processing
09/01/2025 11:21:09 am	Finished importing database.
09/01/2025 11:21:09 am	A summary of the import was saved to the following location: C:\Users\63966\Desktop\MySystem\ThesisProject\WebServer\WebServerDb\Import Schema Logs\WebServerDb_20250109032028.log
09/01/2025 11:21:09 am	Click Finish to continue...
